<?xml version="1.0" encoding="UTF-8"?>
<!-- Generated by org.testng.reporters.JUnitReportReporter -->
<testsuite skipped="0" hostname="LAPTOP-I1H74EIF" name="com.TestNGPack.DemoFramesFactory" tests="2" failures="0" timestamp="18 Nov 2020 06:27:08 GMT" time="134.186" errors="0">
  <testcase name="test1" time="114.738" classname="com.TestNGPack.DemoFramesFactory"/>
  <testcase name="test2" time="19.448" classname="com.TestNGPack.DemoFramesFactory"/>
</testsuite> <!-- com.TestNGPack.DemoFramesFactory -->
