<?xml version="1.0" encoding="UTF-8"?>
<!-- Generated by org.testng.reporters.JUnitReportReporter -->
<testsuite skipped="0" hostname="LAPTOP-I1H74EIF" name="com.parallelDemo.ParallelTestingThreadLocal" tests="4" failures="0" timestamp="02 Oct 2020 03:22:43 GMT" time="29.808" errors="0">
  <testcase name="test1" time="7.839" classname="com.parallelDemo.ParallelTestingThreadLocal"/>
  <testcase name="test4" time="5.794" classname="com.parallelDemo.ParallelTestingThreadLocal"/>
  <testcase name="test2" time="8.984" classname="com.parallelDemo.ParallelTestingThreadLocal"/>
  <testcase name="test3" time="7.191" classname="com.parallelDemo.ParallelTestingThreadLocal"/>
</testsuite> <!-- com.parallelDemo.ParallelTestingThreadLocal -->
