<?xml version="1.0" encoding="UTF-8"?>
<!-- Generated by org.testng.reporters.JUnitReportReporter -->
<testsuite skipped="0" hostname="LAPTOP-I1H74EIF" name="com.DelarSoftPageFactory.DelarPageFactory" tests="1" failures="0" timestamp="20 Nov 2020 06:01:02 GMT" time="25.424" errors="0">
  <testcase name="scenario1" time="25.424" classname="com.DelarSoftPageFactory.DelarPageFactory"/>
</testsuite> <!-- com.DelarSoftPageFactory.DelarPageFactory -->
