<?xml version="1.0" encoding="UTF-8"?>
<!-- Generated by org.testng.reporters.JUnitReportReporter -->
<testsuite skipped="0" hostname="LAPTOP-I1H74EIF" name="com.TestNGPack.SpiceJetSearchPage" tests="2" failures="0" timestamp="28 Sep 2020 06:48:04 GMT" time="16.752" errors="0">
  <testcase name="loadApp" time="10.856" classname="com.TestNGPack.SpiceJetSearchPage"/>
  <testcase name="searchFlights" time="5.896" classname="com.TestNGPack.SpiceJetSearchPage"/>
</testsuite> <!-- com.TestNGPack.SpiceJetSearchPage -->
