<?xml version="1.0" encoding="UTF-8"?>
<!-- Generated by org.testng.reporters.JUnitReportReporter -->
<testsuite skipped="0" hostname="LAPTOP-I1H74EIF" name="com.TestNGPack.DemoQAPageFactory" tests="2" failures="0" timestamp="02 Oct 2020 04:16:26 GMT" time="26.859" errors="0">
  <testcase name="test2" time="12.798" classname="com.TestNGPack.DemoQAPageFactory"/>
  <testcase name="test1" time="14.061" classname="com.TestNGPack.DemoQAPageFactory"/>
</testsuite> <!-- com.TestNGPack.DemoQAPageFactory -->
